<?xml version="1.0" encoding="UTF-8"?>
<!-- Generated by org.testng.reporters.JUnitReportReporter -->
<testsuite hostname="DESKTOP-82BIGRE" failures="0" tests="1" name="testCases.runTask" time="9.983" errors="0" timestamp="2023-05-05T01:26:48 SGT" skipped="0">
  <testcase classname="testCases.runTask" name="test_runTask" time="9.983"/>
  <system-out/>
</testsuite> <!-- testCases.runTask -->
